nohup: ignoring input
[fit] R-CSF Baseline (All 14 in X) | kind=r_csf | X=14 W=0 Z=0
[bootstrap] R-CSF Baseline (All 14 in X) | 1/200 reps completed
[bootstrap] R-CSF Baseline (All 14 in X) | 2/200 reps completed
[bootstrap] R-CSF Baseline (All 14 in X) | 3/200 reps completed
[bootstrap] R-CSF Baseline (All 14 in X) | 4/200 reps completed
[bootstrap] R-CSF Baseline (All 14 in X) | 5/200 reps completed
[bootstrap-checkpoint] R-CSF Baseline (All 14 in X) | saved after 5/200 reps
[bootstrap] R-CSF Baseline (All 14 in X) | 6/200 reps completed
[bootstrap] R-CSF Baseline (All 14 in X) | 7/200 reps completed
[bootstrap] R-CSF Baseline (All 14 in X) | 8/200 reps completed
[bootstrap] R-CSF Baseline (All 14 in X) | 9/200 reps completed
[bootstrap] R-CSF Baseline (All 14 in X) | 10/200 reps completed
[bootstrap-checkpoint] R-CSF Baseline (All 14 in X) | saved after 10/200 reps
[bootstrap] R-CSF Baseline (All 14 in X) | 11/200 reps completed
[bootstrap] R-CSF Baseline (All 14 in X) | 12/200 reps completed
[bootstrap] R-CSF Baseline (All 14 in X) | 13/200 reps completed
[bootstrap] R-CSF Baseline (All 14 in X) | 14/200 reps completed
[bootstrap] R-CSF Baseline (All 14 in X) | 15/200 reps completed
[bootstrap-checkpoint] R-CSF Baseline (All 14 in X) | saved after 15/200 reps
[bootstrap] R-CSF Baseline (All 14 in X) | 16/200 reps completed
[bootstrap] R-CSF Baseline (All 14 in X) | 17/200 reps completed
[bootstrap] R-CSF Baseline (All 14 in X) | 18/200 reps completed
[bootstrap] R-CSF Baseline (All 14 in X) | 19/200 reps completed
[bootstrap] R-CSF Baseline (All 14 in X) | 20/200 reps completed
[bootstrap-checkpoint] R-CSF Baseline (All 14 in X) | saved after 20/200 reps
[bootstrap] R-CSF Baseline (All 14 in X) | 21/200 reps completed
[bootstrap] R-CSF Baseline (All 14 in X) | 22/200 reps completed
[bootstrap] R-CSF Baseline (All 14 in X) | 23/200 reps completed
[bootstrap] R-CSF Baseline (All 14 in X) | 24/200 reps completed
[bootstrap] R-CSF Baseline (All 14 in X) | 25/200 reps completed
[bootstrap-checkpoint] R-CSF Baseline (All 14 in X) | saved after 25/200 reps
[bootstrap] R-CSF Baseline (All 14 in X) | 26/200 reps completed
[bootstrap] R-CSF Baseline (All 14 in X) | 27/200 reps completed
[bootstrap] R-CSF Baseline (All 14 in X) | 28/200 reps completed
[bootstrap] R-CSF Baseline (All 14 in X) | 29/200 reps completed
[bootstrap] R-CSF Baseline (All 14 in X) | 30/200 reps completed
[bootstrap-checkpoint] R-CSF Baseline (All 14 in X) | saved after 30/200 reps
[bootstrap] R-CSF Baseline (All 14 in X) | 31/200 reps completed
[bootstrap] R-CSF Baseline (All 14 in X) | 32/200 reps completed
[bootstrap] R-CSF Baseline (All 14 in X) | 33/200 reps completed
[bootstrap] R-CSF Baseline (All 14 in X) | 34/200 reps completed
[bootstrap] R-CSF Baseline (All 14 in X) | 35/200 reps completed
[bootstrap-checkpoint] R-CSF Baseline (All 14 in X) | saved after 35/200 reps
[bootstrap] R-CSF Baseline (All 14 in X) | 36/200 reps completed
[bootstrap] R-CSF Baseline (All 14 in X) | 37/200 reps completed
[bootstrap] R-CSF Baseline (All 14 in X) | 38/200 reps completed
[bootstrap] R-CSF Baseline (All 14 in X) | 39/200 reps completed
[bootstrap] R-CSF Baseline (All 14 in X) | 40/200 reps completed
[bootstrap-checkpoint] R-CSF Baseline (All 14 in X) | saved after 40/200 reps
[bootstrap] R-CSF Baseline (All 14 in X) | 41/200 reps completed
[bootstrap] R-CSF Baseline (All 14 in X) | 42/200 reps completed
[bootstrap] R-CSF Baseline (All 14 in X) | 43/200 reps completed
[bootstrap] R-CSF Baseline (All 14 in X) | 44/200 reps completed
[bootstrap] R-CSF Baseline (All 14 in X) | 45/200 reps completed
[bootstrap-checkpoint] R-CSF Baseline (All 14 in X) | saved after 45/200 reps
[bootstrap] R-CSF Baseline (All 14 in X) | 46/200 reps completed
[bootstrap] R-CSF Baseline (All 14 in X) | 47/200 reps completed
[bootstrap] R-CSF Baseline (All 14 in X) | 48/200 reps completed
[bootstrap] R-CSF Baseline (All 14 in X) | 49/200 reps completed
[bootstrap] R-CSF Baseline (All 14 in X) | 50/200 reps completed
[bootstrap-checkpoint] R-CSF Baseline (All 14 in X) | saved after 50/200 reps
[bootstrap] R-CSF Baseline (All 14 in X) | 51/200 reps completed
[bootstrap] R-CSF Baseline (All 14 in X) | 52/200 reps completed
[bootstrap] R-CSF Baseline (All 14 in X) | 53/200 reps completed
[bootstrap] R-CSF Baseline (All 14 in X) | 54/200 reps completed
[bootstrap] R-CSF Baseline (All 14 in X) | 55/200 reps completed
[bootstrap-checkpoint] R-CSF Baseline (All 14 in X) | saved after 55/200 reps
[bootstrap] R-CSF Baseline (All 14 in X) | 56/200 reps completed
[bootstrap] R-CSF Baseline (All 14 in X) | 57/200 reps completed
[bootstrap] R-CSF Baseline (All 14 in X) | 58/200 reps completed
[bootstrap] R-CSF Baseline (All 14 in X) | 59/200 reps completed
[bootstrap] R-CSF Baseline (All 14 in X) | 60/200 reps completed
[bootstrap-checkpoint] R-CSF Baseline (All 14 in X) | saved after 60/200 reps
[bootstrap] R-CSF Baseline (All 14 in X) | 61/200 reps completed
[bootstrap] R-CSF Baseline (All 14 in X) | 62/200 reps completed
[bootstrap] R-CSF Baseline (All 14 in X) | 63/200 reps completed
[bootstrap] R-CSF Baseline (All 14 in X) | 64/200 reps completed
[bootstrap] R-CSF Baseline (All 14 in X) | 65/200 reps completed
[bootstrap-checkpoint] R-CSF Baseline (All 14 in X) | saved after 65/200 reps
[bootstrap] R-CSF Baseline (All 14 in X) | 66/200 reps completed
[bootstrap] R-CSF Baseline (All 14 in X) | 67/200 reps completed
[bootstrap] R-CSF Baseline (All 14 in X) | 68/200 reps completed
[bootstrap] R-CSF Baseline (All 14 in X) | 69/200 reps completed
[bootstrap] R-CSF Baseline (All 14 in X) | 70/200 reps completed
[bootstrap-checkpoint] R-CSF Baseline (All 14 in X) | saved after 70/200 reps
[bootstrap] R-CSF Baseline (All 14 in X) | 71/200 reps completed
[bootstrap] R-CSF Baseline (All 14 in X) | 72/200 reps completed
[bootstrap] R-CSF Baseline (All 14 in X) | 73/200 reps completed
[bootstrap] R-CSF Baseline (All 14 in X) | 74/200 reps completed
[bootstrap] R-CSF Baseline (All 14 in X) | 75/200 reps completed
[bootstrap-checkpoint] R-CSF Baseline (All 14 in X) | saved after 75/200 reps
[bootstrap] R-CSF Baseline (All 14 in X) | 76/200 reps completed
[bootstrap] R-CSF Baseline (All 14 in X) | 77/200 reps completed
[bootstrap] R-CSF Baseline (All 14 in X) | 78/200 reps completed
[bootstrap] R-CSF Baseline (All 14 in X) | 79/200 reps completed
[bootstrap] R-CSF Baseline (All 14 in X) | 80/200 reps completed
[bootstrap-checkpoint] R-CSF Baseline (All 14 in X) | saved after 80/200 reps
[bootstrap] R-CSF Baseline (All 14 in X) | 81/200 reps completed
[bootstrap] R-CSF Baseline (All 14 in X) | 82/200 reps completed
[bootstrap] R-CSF Baseline (All 14 in X) | 83/200 reps completed
[bootstrap] R-CSF Baseline (All 14 in X) | 84/200 reps completed
[bootstrap] R-CSF Baseline (All 14 in X) | 85/200 reps completed
[bootstrap-checkpoint] R-CSF Baseline (All 14 in X) | saved after 85/200 reps
[bootstrap] R-CSF Baseline (All 14 in X) | 86/200 reps completed
[bootstrap] R-CSF Baseline (All 14 in X) | 87/200 reps completed
[bootstrap] R-CSF Baseline (All 14 in X) | 88/200 reps completed
[bootstrap] R-CSF Baseline (All 14 in X) | 89/200 reps completed
[bootstrap] R-CSF Baseline (All 14 in X) | 90/200 reps completed
[bootstrap-checkpoint] R-CSF Baseline (All 14 in X) | saved after 90/200 reps
[bootstrap] R-CSF Baseline (All 14 in X) | 91/200 reps completed
[bootstrap] R-CSF Baseline (All 14 in X) | 92/200 reps completed
[bootstrap] R-CSF Baseline (All 14 in X) | 93/200 reps completed
[bootstrap] R-CSF Baseline (All 14 in X) | 94/200 reps completed
[bootstrap] R-CSF Baseline (All 14 in X) | 95/200 reps completed
[bootstrap-checkpoint] R-CSF Baseline (All 14 in X) | saved after 95/200 reps
[bootstrap] R-CSF Baseline (All 14 in X) | 96/200 reps completed
[bootstrap] R-CSF Baseline (All 14 in X) | 97/200 reps completed
[bootstrap] R-CSF Baseline (All 14 in X) | 98/200 reps completed
[bootstrap] R-CSF Baseline (All 14 in X) | 99/200 reps completed
[bootstrap] R-CSF Baseline (All 14 in X) | 100/200 reps completed
[bootstrap-checkpoint] R-CSF Baseline (All 14 in X) | saved after 100/200 reps
[bootstrap] R-CSF Baseline (All 14 in X) | 101/200 reps completed
[bootstrap] R-CSF Baseline (All 14 in X) | 102/200 reps completed
[bootstrap] R-CSF Baseline (All 14 in X) | 103/200 reps completed
[bootstrap] R-CSF Baseline (All 14 in X) | 104/200 reps completed
[bootstrap] R-CSF Baseline (All 14 in X) | 105/200 reps completed
[bootstrap-checkpoint] R-CSF Baseline (All 14 in X) | saved after 105/200 reps
[bootstrap] R-CSF Baseline (All 14 in X) | 106/200 reps completed
[bootstrap] R-CSF Baseline (All 14 in X) | 107/200 reps completed
[bootstrap] R-CSF Baseline (All 14 in X) | 108/200 reps completed
[bootstrap] R-CSF Baseline (All 14 in X) | 109/200 reps completed
[bootstrap] R-CSF Baseline (All 14 in X) | 110/200 reps completed
[bootstrap-checkpoint] R-CSF Baseline (All 14 in X) | saved after 110/200 reps
[bootstrap] R-CSF Baseline (All 14 in X) | 111/200 reps completed
[bootstrap] R-CSF Baseline (All 14 in X) | 112/200 reps completed
[bootstrap] R-CSF Baseline (All 14 in X) | 113/200 reps completed
[bootstrap] R-CSF Baseline (All 14 in X) | 114/200 reps completed
[bootstrap] R-CSF Baseline (All 14 in X) | 115/200 reps completed
[bootstrap-checkpoint] R-CSF Baseline (All 14 in X) | saved after 115/200 reps
[bootstrap] R-CSF Baseline (All 14 in X) | 116/200 reps completed
[bootstrap] R-CSF Baseline (All 14 in X) | 117/200 reps completed
[bootstrap] R-CSF Baseline (All 14 in X) | 118/200 reps completed
[bootstrap] R-CSF Baseline (All 14 in X) | 119/200 reps completed
[bootstrap] R-CSF Baseline (All 14 in X) | 120/200 reps completed
[bootstrap-checkpoint] R-CSF Baseline (All 14 in X) | saved after 120/200 reps
[bootstrap] R-CSF Baseline (All 14 in X) | 121/200 reps completed
[bootstrap] R-CSF Baseline (All 14 in X) | 122/200 reps completed
[bootstrap] R-CSF Baseline (All 14 in X) | 123/200 reps completed
[bootstrap] R-CSF Baseline (All 14 in X) | 124/200 reps completed
[bootstrap] R-CSF Baseline (All 14 in X) | 125/200 reps completed
[bootstrap-checkpoint] R-CSF Baseline (All 14 in X) | saved after 125/200 reps
[bootstrap] R-CSF Baseline (All 14 in X) | 126/200 reps completed
[bootstrap] R-CSF Baseline (All 14 in X) | 127/200 reps completed
[bootstrap] R-CSF Baseline (All 14 in X) | 128/200 reps completed
[bootstrap] R-CSF Baseline (All 14 in X) | 129/200 reps completed
[bootstrap] R-CSF Baseline (All 14 in X) | 130/200 reps completed
[bootstrap-checkpoint] R-CSF Baseline (All 14 in X) | saved after 130/200 reps
[bootstrap] R-CSF Baseline (All 14 in X) | 131/200 reps completed
[bootstrap] R-CSF Baseline (All 14 in X) | 132/200 reps completed
[bootstrap] R-CSF Baseline (All 14 in X) | 133/200 reps completed
[bootstrap] R-CSF Baseline (All 14 in X) | 134/200 reps completed
[bootstrap] R-CSF Baseline (All 14 in X) | 135/200 reps completed
[bootstrap-checkpoint] R-CSF Baseline (All 14 in X) | saved after 135/200 reps
[bootstrap] R-CSF Baseline (All 14 in X) | 136/200 reps completed
[bootstrap] R-CSF Baseline (All 14 in X) | 137/200 reps completed
[bootstrap] R-CSF Baseline (All 14 in X) | 138/200 reps completed
[bootstrap] R-CSF Baseline (All 14 in X) | 139/200 reps completed
[bootstrap] R-CSF Baseline (All 14 in X) | 140/200 reps completed
[bootstrap-checkpoint] R-CSF Baseline (All 14 in X) | saved after 140/200 reps
[bootstrap] R-CSF Baseline (All 14 in X) | 141/200 reps completed
[bootstrap] R-CSF Baseline (All 14 in X) | 142/200 reps completed
[bootstrap] R-CSF Baseline (All 14 in X) | 143/200 reps completed
[bootstrap] R-CSF Baseline (All 14 in X) | 144/200 reps completed
[bootstrap] R-CSF Baseline (All 14 in X) | 145/200 reps completed
[bootstrap-checkpoint] R-CSF Baseline (All 14 in X) | saved after 145/200 reps
[bootstrap] R-CSF Baseline (All 14 in X) | 146/200 reps completed
[bootstrap] R-CSF Baseline (All 14 in X) | 147/200 reps completed
[bootstrap] R-CSF Baseline (All 14 in X) | 148/200 reps completed
[bootstrap] R-CSF Baseline (All 14 in X) | 149/200 reps completed
[bootstrap] R-CSF Baseline (All 14 in X) | 150/200 reps completed
[bootstrap-checkpoint] R-CSF Baseline (All 14 in X) | saved after 150/200 reps
[bootstrap] R-CSF Baseline (All 14 in X) | 151/200 reps completed
[bootstrap] R-CSF Baseline (All 14 in X) | 152/200 reps completed
[bootstrap] R-CSF Baseline (All 14 in X) | 153/200 reps completed
[bootstrap] R-CSF Baseline (All 14 in X) | 154/200 reps completed
[bootstrap] R-CSF Baseline (All 14 in X) | 155/200 reps completed
[bootstrap-checkpoint] R-CSF Baseline (All 14 in X) | saved after 155/200 reps
[bootstrap] R-CSF Baseline (All 14 in X) | 156/200 reps completed
[bootstrap] R-CSF Baseline (All 14 in X) | 157/200 reps completed
[bootstrap] R-CSF Baseline (All 14 in X) | 158/200 reps completed
[bootstrap] R-CSF Baseline (All 14 in X) | 159/200 reps completed
[bootstrap] R-CSF Baseline (All 14 in X) | 160/200 reps completed
[bootstrap-checkpoint] R-CSF Baseline (All 14 in X) | saved after 160/200 reps
[bootstrap] R-CSF Baseline (All 14 in X) | 161/200 reps completed
[bootstrap] R-CSF Baseline (All 14 in X) | 162/200 reps completed
[bootstrap] R-CSF Baseline (All 14 in X) | 163/200 reps completed
[bootstrap] R-CSF Baseline (All 14 in X) | 164/200 reps completed
[bootstrap] R-CSF Baseline (All 14 in X) | 165/200 reps completed
[bootstrap-checkpoint] R-CSF Baseline (All 14 in X) | saved after 165/200 reps
[bootstrap] R-CSF Baseline (All 14 in X) | 166/200 reps completed
[bootstrap] R-CSF Baseline (All 14 in X) | 167/200 reps completed
[bootstrap] R-CSF Baseline (All 14 in X) | 168/200 reps completed
[bootstrap] R-CSF Baseline (All 14 in X) | 169/200 reps completed
[bootstrap] R-CSF Baseline (All 14 in X) | 170/200 reps completed
[bootstrap-checkpoint] R-CSF Baseline (All 14 in X) | saved after 170/200 reps
[bootstrap] R-CSF Baseline (All 14 in X) | 171/200 reps completed
[bootstrap] R-CSF Baseline (All 14 in X) | 172/200 reps completed
[bootstrap] R-CSF Baseline (All 14 in X) | 173/200 reps completed
[bootstrap] R-CSF Baseline (All 14 in X) | 174/200 reps completed
[bootstrap] R-CSF Baseline (All 14 in X) | 175/200 reps completed
[bootstrap-checkpoint] R-CSF Baseline (All 14 in X) | saved after 175/200 reps
[bootstrap] R-CSF Baseline (All 14 in X) | 176/200 reps completed
[bootstrap] R-CSF Baseline (All 14 in X) | 177/200 reps completed
[bootstrap] R-CSF Baseline (All 14 in X) | 178/200 reps completed
[bootstrap] R-CSF Baseline (All 14 in X) | 179/200 reps completed
[bootstrap] R-CSF Baseline (All 14 in X) | 180/200 reps completed
[bootstrap-checkpoint] R-CSF Baseline (All 14 in X) | saved after 180/200 reps
[bootstrap] R-CSF Baseline (All 14 in X) | 181/200 reps completed
[bootstrap] R-CSF Baseline (All 14 in X) | 182/200 reps completed
[bootstrap] R-CSF Baseline (All 14 in X) | 183/200 reps completed
[bootstrap] R-CSF Baseline (All 14 in X) | 184/200 reps completed
[bootstrap] R-CSF Baseline (All 14 in X) | 185/200 reps completed
[bootstrap-checkpoint] R-CSF Baseline (All 14 in X) | saved after 185/200 reps
[bootstrap] R-CSF Baseline (All 14 in X) | 186/200 reps completed
[bootstrap] R-CSF Baseline (All 14 in X) | 187/200 reps completed
[bootstrap] R-CSF Baseline (All 14 in X) | 188/200 reps completed
[bootstrap] R-CSF Baseline (All 14 in X) | 189/200 reps completed
[bootstrap] R-CSF Baseline (All 14 in X) | 190/200 reps completed
[bootstrap-checkpoint] R-CSF Baseline (All 14 in X) | saved after 190/200 reps
[bootstrap] R-CSF Baseline (All 14 in X) | 191/200 reps completed
[bootstrap] R-CSF Baseline (All 14 in X) | 192/200 reps completed
[bootstrap] R-CSF Baseline (All 14 in X) | 193/200 reps completed
[bootstrap] R-CSF Baseline (All 14 in X) | 194/200 reps completed
[bootstrap] R-CSF Baseline (All 14 in X) | 195/200 reps completed
[bootstrap-checkpoint] R-CSF Baseline (All 14 in X) | saved after 195/200 reps
[bootstrap] R-CSF Baseline (All 14 in X) | 196/200 reps completed
[bootstrap] R-CSF Baseline (All 14 in X) | 197/200 reps completed
[bootstrap] R-CSF Baseline (All 14 in X) | 198/200 reps completed
[bootstrap] R-CSF Baseline (All 14 in X) | 199/200 reps completed
[bootstrap] R-CSF Baseline (All 14 in X) | 200/200 reps completed
[bootstrap-checkpoint] R-CSF Baseline (All 14 in X) | saved after 200/200 reps
[done] wrote outputs to /project2/ruishanl_1185/kyoungeui_project/csf_grf_new/outputs/hiv_actg175_r_csf_split_comparison_10k_bootstrap_10k_rerun
